

Started GET "/" for 127.0.0.1 at 2015-02-23 19:02:10 -0800
Processing by PagesController#home as HTML
  Rendered pages/home.html.erb within layouts/application (9.1ms)
Completed 500 Internal Server Error in 22ms

NameError - undefined local variable or method `stringify_path' for #<#<Class:0x007fb843f7a898>:0x007fb843f79c68>:
  app/views/pages/home.html.erb:10:in `_app_views_pages_home_html_erb__1146247604574336584_70214695389900'
  actionview (4.1.6) lib/action_view/template.rb:145:in `block in render'
  activesupport (4.1.6) lib/active_support/notifications.rb:161:in `instrument'
  actionview (4.1.6) lib/action_view/template.rb:339:in `instrument'
  actionview (4.1.6) lib/action_view/template.rb:143:in `render'
  actionview (4.1.6) lib/action_view/renderer/template_renderer.rb:55:in `block (2 levels) in render_template'
  actionview (4.1.6) lib/action_view/renderer/abstract_renderer.rb:38:in `block in instrument'
  activesupport (4.1.6) lib/active_support/notifications.rb:159:in `block in instrument'
  activesupport (4.1.6) lib/active_support/notifications/instrumenter.rb:20:in `instrument'
  activesupport (4.1.6) lib/active_support/notifications.rb:159:in `instrument'
  actionview (4.1.6) lib/action_view/renderer/abstract_renderer.rb:38:in `instrument'
  actionview (4.1.6) lib/action_view/renderer/template_renderer.rb:54:in `block in render_template'
  actionview (4.1.6) lib/action_view/renderer/template_renderer.rb:62:in `render_with_layout'
  actionview (4.1.6) lib/action_view/renderer/template_renderer.rb:53:in `render_template'
  actionview (4.1.6) lib/action_view/renderer/template_renderer.rb:17:in `render'
  actionview (4.1.6) lib/action_view/renderer/renderer.rb:42:in `render_template'
  actionview (4.1.6) lib/action_view/renderer/renderer.rb:23:in `render'
  actionview (4.1.6) lib/action_view/rendering.rb:99:in `_render_template'
  actionpack (4.1.6) lib/action_controller/metal/streaming.rb:217:in `_render_template'
  actionview (4.1.6) lib/action_view/rendering.rb:82:in `render_to_body'
  actionpack (4.1.6) lib/action_controller/metal/rendering.rb:32:in `render_to_body'
  actionpack (4.1.6) lib/action_controller/metal/renderers.rb:32:in `render_to_body'
  actionpack (4.1.6) lib/abstract_controller/rendering.rb:25:in `render'
  actionpack (4.1.6) lib/action_controller/metal/rendering.rb:16:in `render'
  actionpack (4.1.6) lib/action_controller/metal/instrumentation.rb:41:in `block (2 levels) in render'
  activesupport (4.1.6) lib/active_support/core_ext/benchmark.rb:12:in `block in ms'
  /Users/Ron/.rvm/rubies/ruby-2.1.2/lib/ruby/2.1.0/benchmark.rb:294:in `realtime'
  activesupport (4.1.6) lib/active_support/core_ext/benchmark.rb:12:in `ms'
  actionpack (4.1.6) lib/action_controller/metal/instrumentation.rb:41:in `block in render'
  actionpack (4.1.6) lib/action_controller/metal/instrumentation.rb:84:in `cleanup_view_runtime'
  activerecord (4.1.6) lib/active_record/railties/controller_runtime.rb:25:in `cleanup_view_runtime'
  actionpack (4.1.6) lib/action_controller/metal/instrumentation.rb:40:in `render'
  actionpack (4.1.6) lib/action_controller/metal/implicit_render.rb:10:in `default_render'
  actionpack (4.1.6) lib/action_controller/metal/implicit_render.rb:5:in `send_action'
  actionpack (4.1.6) lib/abstract_controller/base.rb:189:in `process_action'
  actionpack (4.1.6) lib/action_controller/metal/rendering.rb:10:in `process_action'
  actionpack (4.1.6) lib/abstract_controller/callbacks.rb:20:in `block in process_action'
  activesupport (4.1.6) lib/active_support/callbacks.rb:113:in `call'
  activesupport (4.1.6) lib/active_support/callbacks.rb:229:in `block in halting'
  activesupport (4.1.6) lib/active_support/callbacks.rb:229:in `block in halting'
  activesupport (4.1.6) lib/active_support/callbacks.rb:166:in `block in halting'
  activesupport (4.1.6) lib/active_support/callbacks.rb:166:in `block in halting'
  activesupport (4.1.6) lib/active_support/callbacks.rb:166:in `block in halting'
  activesupport (4.1.6) lib/active_support/callbacks.rb:86:in `run_callbacks'
  actionpack (4.1.6) lib/abstract_controller/callbacks.rb:19:in `process_action'
  actionpack (4.1.6) lib/action_controller/metal/rescue.rb:29:in `process_action'
  actionpack (4.1.6) lib/action_controller/metal/instrumentation.rb:31:in `block in process_action'
  activesupport (4.1.6) lib/active_support/notifications.rb:159:in `block in instrument'
  activesupport (4.1.6) lib/active_support/notifications/instrumenter.rb:20:in `instrument'
  activesupport (4.1.6) lib/active_support/notifications.rb:159:in `instrument'
  actionpack (4.1.6) lib/action_controller/metal/instrumentation.rb:30:in `process_action'
  actionpack (4.1.6) lib/action_controller/metal/params_wrapper.rb:250:in `process_action'
  activerecord (4.1.6) lib/active_record/railties/controller_runtime.rb:18:in `process_action'
  actionpack (4.1.6) lib/abstract_controller/base.rb:136:in `process'
  actionview (4.1.6) lib/action_view/rendering.rb:30:in `process'
  actionpack (4.1.6) lib/action_controller/metal.rb:196:in `dispatch'
  actionpack (4.1.6) lib/action_controller/metal/rack_delegation.rb:13:in `dispatch'
  actionpack (4.1.6) lib/action_controller/metal.rb:232:in `block in action'
  actionpack (4.1.6) lib/action_dispatch/routing/route_set.rb:82:in `dispatch'
  actionpack (4.1.6) lib/action_dispatch/routing/route_set.rb:50:in `call'
  actionpack (4.1.6) lib/action_dispatch/journey/router.rb:73:in `block in call'
  actionpack (4.1.6) lib/action_dispatch/journey/router.rb:59:in `call'
  actionpack (4.1.6) lib/action_dispatch/routing/route_set.rb:678:in `call'
  rack (1.5.2) lib/rack/etag.rb:23:in `call'
  rack (1.5.2) lib/rack/conditionalget.rb:25:in `call'
  rack (1.5.2) lib/rack/head.rb:11:in `call'
  actionpack (4.1.6) lib/action_dispatch/middleware/params_parser.rb:27:in `call'
  actionpack (4.1.6) lib/action_dispatch/middleware/flash.rb:254:in `call'
  rack (1.5.2) lib/rack/session/abstract/id.rb:225:in `context'
  rack (1.5.2) lib/rack/session/abstract/id.rb:220:in `call'
  actionpack (4.1.6) lib/action_dispatch/middleware/cookies.rb:560:in `call'
  activerecord (4.1.6) lib/active_record/query_cache.rb:36:in `call'
  activerecord (4.1.6) lib/active_record/connection_adapters/abstract/connection_pool.rb:621:in `call'
  activerecord (4.1.6) lib/active_record/migration.rb:380:in `call'
  actionpack (4.1.6) lib/action_dispatch/middleware/callbacks.rb:29:in `block in call'
  activesupport (4.1.6) lib/active_support/callbacks.rb:82:in `run_callbacks'
  actionpack (4.1.6) lib/action_dispatch/middleware/callbacks.rb:27:in `call'
  actionpack (4.1.6) lib/action_dispatch/middleware/reloader.rb:73:in `call'
  actionpack (4.1.6) lib/action_dispatch/middleware/remote_ip.rb:76:in `call'
  better_errors (1.1.0) lib/better_errors/middleware.rb:84:in `protected_app_call'
  better_errors (1.1.0) lib/better_errors/middleware.rb:79:in `better_errors_call'
  better_errors (1.1.0) lib/better_errors/middleware.rb:56:in `call'
  actionpack (4.1.6) lib/action_dispatch/middleware/debug_exceptions.rb:17:in `call'
  actionpack (4.1.6) lib/action_dispatch/middleware/show_exceptions.rb:30:in `call'
  railties (4.1.6) lib/rails/rack/logger.rb:38:in `call_app'
  railties (4.1.6) lib/rails/rack/logger.rb:20:in `block in call'
  activesupport (4.1.6) lib/active_support/tagged_logging.rb:68:in `block in tagged'
  activesupport (4.1.6) lib/active_support/tagged_logging.rb:26:in `tagged'
  activesupport (4.1.6) lib/active_support/tagged_logging.rb:68:in `tagged'
  railties (4.1.6) lib/rails/rack/logger.rb:20:in `call'
  actionpack (4.1.6) lib/action_dispatch/middleware/request_id.rb:21:in `call'
  rack (1.5.2) lib/rack/methodoverride.rb:21:in `call'
  rack (1.5.2) lib/rack/runtime.rb:17:in `call'
  activesupport (4.1.6) lib/active_support/cache/strategy/local_cache_middleware.rb:26:in `call'
  rack (1.5.2) lib/rack/lock.rb:17:in `call'
  actionpack (4.1.6) lib/action_dispatch/middleware/static.rb:64:in `call'
  rack (1.5.2) lib/rack/sendfile.rb:112:in `call'
  railties (4.1.6) lib/rails/engine.rb:514:in `call'
  railties (4.1.6) lib/rails/application.rb:144:in `call'
  rack (1.5.2) lib/rack/lock.rb:17:in `call'
  rack (1.5.2) lib/rack/content_length.rb:14:in `call'
  rack (1.5.2) lib/rack/handler/webrick.rb:60:in `service'
  /Users/Ron/.rvm/rubies/ruby-2.1.2/lib/ruby/2.1.0/webrick/httpserver.rb:138:in `service'
  /Users/Ron/.rvm/rubies/ruby-2.1.2/lib/ruby/2.1.0/webrick/httpserver.rb:94:in `run'
  /Users/Ron/.rvm/rubies/ruby-2.1.2/lib/ruby/2.1.0/webrick/server.rb:295:in `block in start_thread'



Started POST "/__better_errors/70214695066620/variables" for 127.0.0.1 at 2015-02-23 19:02:10 -0800


Started GET "/" for 127.0.0.1 at 2015-02-23 19:10:50 -0800
Processing by PagesController#home as HTML
  Rendered pages/home.html.erb within layouts/application (1.0ms)
Completed 200 OK in 1055ms (Views: 1055.0ms | ActiveRecord: 0.0ms)


Started GET "/assets/application.css?body=1" for 127.0.0.1 at 2015-02-23 19:10:51 -0800


Started GET "/assets/jquery.js?body=1" for 127.0.0.1 at 2015-02-23 19:10:51 -0800


Started GET "/assets/jquery_ujs.js?body=1" for 127.0.0.1 at 2015-02-23 19:10:51 -0800


Started GET "/assets/turbolinks.js?body=1" for 127.0.0.1 at 2015-02-23 19:10:51 -0800


Started GET "/assets/application.js?body=1" for 127.0.0.1 at 2015-02-23 19:10:51 -0800


Started POST "/stringify" for 127.0.0.1 at 2015-02-23 19:17:06 -0800
Processing by PagesController#stringify as HTML
  Parameters: {"utf8"=>"✓", "authenticity_token"=>"JooJatY7ZIQF2i7ta99Sa7TPM83AkpYW5O0wL5xMrU4=", "name"=>"sfd", "adjective"=>"sfdsf", "commit"=>"Stringify!"}
  Rendered pages/stringify.html.erb within layouts/application (0.6ms)
Completed 200 OK in 32ms (Views: 31.2ms | ActiveRecord: 0.0ms)


Started POST "/stringify" for 127.0.0.1 at 2015-02-23 19:17:23 -0800
Processing by PagesController#stringify as HTML
  Parameters: {"utf8"=>"✓", "authenticity_token"=>"JooJatY7ZIQF2i7ta99Sa7TPM83AkpYW5O0wL5xMrU4=", "name"=>"sfd", "adjective"=>"sfdsf", "commit"=>"Stringify!"}
  Rendered pages/stringify.html.erb within layouts/application (0.7ms)
Completed 200 OK in 32ms (Views: 31.2ms | ActiveRecord: 0.0ms)


Started GET "/assets/application.css?body=1" for 127.0.0.1 at 2015-02-23 19:17:23 -0800


Started GET "/assets/jquery_ujs.js?body=1" for 127.0.0.1 at 2015-02-23 19:17:23 -0800


Started GET "/assets/turbolinks.js?body=1" for 127.0.0.1 at 2015-02-23 19:17:23 -0800


Started GET "/assets/jquery.js?body=1" for 127.0.0.1 at 2015-02-23 19:17:23 -0800


Started GET "/assets/application.js?body=1" for 127.0.0.1 at 2015-02-23 19:17:23 -0800


Started GET "/" for 127.0.0.1 at 2015-02-23 19:21:13 -0800
Processing by PagesController#home as HTML
  Rendered pages/home.html.erb within layouts/application (0.8ms)
Completed 200 OK in 26ms (Views: 24.6ms | ActiveRecord: 0.0ms)


Started GET "/assets/application.css?body=1" for 127.0.0.1 at 2015-02-23 19:21:13 -0800


Started GET "/assets/jquery.js?body=1" for 127.0.0.1 at 2015-02-23 19:21:13 -0800


Started GET "/assets/jquery_ujs.js?body=1" for 127.0.0.1 at 2015-02-23 19:21:13 -0800


Started GET "/assets/turbolinks.js?body=1" for 127.0.0.1 at 2015-02-23 19:21:13 -0800


Started GET "/assets/application.js?body=1" for 127.0.0.1 at 2015-02-23 19:21:13 -0800


Started GET "/" for 127.0.0.1 at 2015-02-23 19:33:54 -0800
Processing by PagesController#home as HTML
  Rendered pages/home.html.erb within layouts/application (1.1ms)
Completed 200 OK in 25ms (Views: 23.3ms | ActiveRecord: 0.0ms)


Started GET "/assets/application.css?body=1" for 127.0.0.1 at 2015-02-23 19:33:54 -0800


Started GET "/assets/jquery.js?body=1" for 127.0.0.1 at 2015-02-23 19:33:54 -0800


Started GET "/assets/jquery_ujs.js?body=1" for 127.0.0.1 at 2015-02-23 19:33:54 -0800


Started GET "/assets/turbolinks.js?body=1" for 127.0.0.1 at 2015-02-23 19:33:54 -0800


Started GET "/assets/application.js?body=1" for 127.0.0.1 at 2015-02-23 19:33:54 -0800


Started PUT "/age" for 127.0.0.1 at 2015-02-23 19:34:04 -0800
Processing by PagesController#person as HTML
  Parameters: {"utf8"=>"✓", "authenticity_token"=>"JooJatY7ZIQF2i7ta99Sa7TPM83AkpYW5O0wL5xMrU4=", "name"=>"Arani", "age"=>"13", "commit"=>"Submit!"}
  Rendered pages/person.html.erb within layouts/application (0.4ms)
Completed 200 OK in 32ms (Views: 30.9ms | ActiveRecord: 0.0ms)


Started GET "/assets/application.css?body=1" for 127.0.0.1 at 2015-02-23 19:34:04 -0800


Started GET "/assets/jquery.js?body=1" for 127.0.0.1 at 2015-02-23 19:34:04 -0800


Started GET "/assets/application.js?body=1" for 127.0.0.1 at 2015-02-23 19:34:04 -0800


Started GET "/assets/jquery_ujs.js?body=1" for 127.0.0.1 at 2015-02-23 19:34:04 -0800


Started GET "/assets/turbolinks.js?body=1" for 127.0.0.1 at 2015-02-23 19:34:04 -0800


Started PUT "/age" for 127.0.0.1 at 2015-02-23 19:35:09 -0800
Processing by PagesController#person as HTML
  Parameters: {"utf8"=>"✓", "authenticity_token"=>"JooJatY7ZIQF2i7ta99Sa7TPM83AkpYW5O0wL5xMrU4=", "name"=>"Arani", "age"=>"13", "commit"=>"Submit!"}
  Rendered pages/person.html.erb within layouts/application (0.5ms)
Completed 200 OK in 26ms (Views: 25.8ms | ActiveRecord: 0.0ms)


Started GET "/assets/application.css?body=1" for 127.0.0.1 at 2015-02-23 19:35:09 -0800


Started GET "/assets/jquery.js?body=1" for 127.0.0.1 at 2015-02-23 19:35:09 -0800


Started GET "/assets/jquery_ujs.js?body=1" for 127.0.0.1 at 2015-02-23 19:35:09 -0800


Started GET "/assets/turbolinks.js?body=1" for 127.0.0.1 at 2015-02-23 19:35:09 -0800


Started GET "/assets/application.js?body=1" for 127.0.0.1 at 2015-02-23 19:35:09 -0800
